<?xml version="1.0" encoding="UTF-8"?>
<!-- Generated by org.testng.reporters.JUnitXMLReporter -->
<testsuite ignored="0" hostname="honda-itos03" failures="0" tests="10" name="ParallelRegression" time="3.554" errors="0" timestamp="2025-05-18T16:32:12 WIB">
  <testcase classname="testng.DataProviderTest" name="testMethod" time="0.01"/>
  <testcase classname="testng.RetryTest" name="flackyTest" time="0.012">
    <skipped/>
  </testcase> <!-- flackyTest -->
  <testcase classname="testng.AssertTest" name="testMethod" time="0.012"/>
  <testcase classname="testng.RetryTest" name="flackyTest" time="0.0">
    <skipped/>
  </testcase> <!-- flackyTest -->
  <testcase classname="testng.DataProviderTest" name="testMethod" time="0.001"/>
  <testcase classname="testng.DataProviderTest" name="testMethod" time="0.001"/>
  <testcase classname="testng.RetryTest" name="flackyTest" time="0.001"/>
  <testcase classname="testng.SimpleTest" name="testMethod" time="1.009"/>
  <testcase classname="testng.SimpleTest" name="testMethod2" time="2.002"/>
  <testcase classname="testng.SimpleTest" name="testMethod3" time="0.501"/>
</testsuite> <!-- ParallelRegression -->
